<?xml version="1.0" encoding="UTF-8"?>
<testsuite xmlns:xsi="http://www.w3.org/2001/XMLSchema-instance" xsi:noNamespaceSchemaLocation="https://maven.apache.org/surefire/maven-surefire-plugin/xsd/surefire-test-report.xsd" version="3.0.2" name="com.gmail.ramawthar.priyash.hybridstrength.workoutcreator.property.GenerationPropertyTest" time="0.729" tests="9" errors="0" skipped="0" failures="0">
  <properties>
[...]
</properties>
  <testcase name="successfulProgramResultHasRawTextParsedProgramAndNullError" classname="com.gmail.ramawthar.priyash.hybridstrength.workoutcreator.property.GenerationPropertyTest" time="0.344">
    <system-out><![CDATA[timestamp = 2026-04-30T16:27:20.733847, GenerationPropertyTest:successfulProgramResultHasRawTextParsedProgramAndNullError = 
                              |-----------------------jqwik-----------------------
tries = 100                   | # of calls to property
checks = 100                  | # of not rejected calls
generation = RANDOMIZED       | parameters are randomly generated
after-failure = SAMPLE_FIRST  | try previously failed sample, then previous seed
when-fixed-seed = ALLOW       | fixing the random seed is allowed
edge-cases#mode = MIXIN       | edge cases are mixed in
edge-cases#total = 0          | # of all combined edge cases
edge-cases#tried = 0          | # of edge cases tried in current run
seed = -8103303038031341439   | random seed to reproduce generated values


]]></system-out>
  </testcase>
  <testcase name="failedParseProgramResultHasRawTextNullObjectsAndNonNullError" classname="com.gmail.ramawthar.priyash.hybridstrength.workoutcreator.property.GenerationPropertyTest" time="0.048">
    <system-out><![CDATA[timestamp = 2026-04-30T16:27:20.782077, GenerationPropertyTest:failedParseProgramResultHasRawTextNullObjectsAndNonNullError = 
                              |-----------------------jqwik-----------------------
tries = 100                   | # of calls to property
checks = 79                   | # of not rejected calls
generation = RANDOMIZED       | parameters are randomly generated
after-failure = SAMPLE_FIRST  | try previously failed sample, then previous seed
when-fixed-seed = ALLOW       | fixing the random seed is allowed
edge-cases#mode = MIXIN       | edge cases are mixed in
edge-cases#total = 8          | # of all combined edge cases
edge-cases#tried = 8          | # of edge cases tried in current run
seed = 1441307969632882420    | random seed to reproduce generated values


]]></system-out>
  </testcase>
  <testcase name="successfulResultRawResponseMatchesGeminiOutput" classname="com.gmail.ramawthar.priyash.hybridstrength.workoutcreator.property.GenerationPropertyTest" time="0.056">
    <system-out><![CDATA[timestamp = 2026-04-30T16:27:20.838195, GenerationPropertyTest:successfulResultRawResponseMatchesGeminiOutput = 
                              |-----------------------jqwik-----------------------
tries = 100                   | # of calls to property
checks = 100                  | # of not rejected calls
generation = RANDOMIZED       | parameters are randomly generated
after-failure = SAMPLE_FIRST  | try previously failed sample, then previous seed
when-fixed-seed = ALLOW       | fixing the random seed is allowed
edge-cases#mode = MIXIN       | edge cases are mixed in
edge-cases#total = 100        | # of all combined edge cases
edge-cases#tried = 19         | # of edge cases tried in current run
seed = -895925978962630415    | random seed to reproduce generated values


]]></system-out>
    <system-err><![CDATA[Apr 30, 2026 4:27:20 PM net.jqwik.engine.properties.RandomizedShrinkablesGenerator logEdgeCasesOutnumberTriesIfApplicable
INFO: Edge case generation exceeds number of tries. Stopped after 100 generated cases.
]]></system-err>
  </testcase>
  <testcase name="failedParseResultHasRawTextNullObjectsAndNonNullError" classname="com.gmail.ramawthar.priyash.hybridstrength.workoutcreator.property.GenerationPropertyTest" time="0.032">
    <system-out><![CDATA[timestamp = 2026-04-30T16:27:20.870547, GenerationPropertyTest:failedParseResultHasRawTextNullObjectsAndNonNullError = 
                              |-----------------------jqwik-----------------------
tries = 100                   | # of calls to property
checks = 86                   | # of not rejected calls
generation = RANDOMIZED       | parameters are randomly generated
after-failure = SAMPLE_FIRST  | try previously failed sample, then previous seed
when-fixed-seed = ALLOW       | fixing the random seed is allowed
edge-cases#mode = MIXIN       | edge cases are mixed in
edge-cases#total = 8          | # of all combined edge cases
edge-cases#tried = 8          | # of edge cases tried in current run
seed = -4903868147345544832   | random seed to reproduce generated values


]]></system-out>
  </testcase>
  <testcase name="weekScopeProducesProgramAndNullWorkout" classname="com.gmail.ramawthar.priyash.hybridstrength.workoutcreator.property.GenerationPropertyTest" time="0.069">
    <system-out><![CDATA[timestamp = 2026-04-30T16:27:20.939782, GenerationPropertyTest:weekScopeProducesProgramAndNullWorkout = 
                              |-----------------------jqwik-----------------------
tries = 100                   | # of calls to property
checks = 100                  | # of not rejected calls
generation = RANDOMIZED       | parameters are randomly generated
after-failure = SAMPLE_FIRST  | try previously failed sample, then previous seed
when-fixed-seed = ALLOW       | fixing the random seed is allowed
edge-cases#mode = MIXIN       | edge cases are mixed in
edge-cases#total = 0          | # of all combined edge cases
edge-cases#tried = 0          | # of edge cases tried in current run
seed = 3581652661532365265    | random seed to reproduce generated values


]]></system-out>
  </testcase>
  <testcase name="fourWeekScopeProducesProgramAndNullWorkout" classname="com.gmail.ramawthar.priyash.hybridstrength.workoutcreator.property.GenerationPropertyTest" time="0.062">
    <system-out><![CDATA[timestamp = 2026-04-30T16:27:21.002494, GenerationPropertyTest:fourWeekScopeProducesProgramAndNullWorkout = 
                              |-----------------------jqwik-----------------------
tries = 100                   | # of calls to property
checks = 100                  | # of not rejected calls
generation = RANDOMIZED       | parameters are randomly generated
after-failure = SAMPLE_FIRST  | try previously failed sample, then previous seed
when-fixed-seed = ALLOW       | fixing the random seed is allowed
edge-cases#mode = MIXIN       | edge cases are mixed in
edge-cases#total = 0          | # of all combined edge cases
edge-cases#tried = 0          | # of edge cases tried in current run
seed = 72046998757355672      | random seed to reproduce generated values


]]></system-out>
  </testcase>
  <testcase name="failedParseDoesNotThrowException" classname="com.gmail.ramawthar.priyash.hybridstrength.workoutcreator.property.GenerationPropertyTest" time="0.028">
    <system-out><![CDATA[timestamp = 2026-04-30T16:27:21.030192, GenerationPropertyTest:failedParseDoesNotThrowException = 
                              |-----------------------jqwik-----------------------
tries = 100                   | # of calls to property
checks = 80                   | # of not rejected calls
generation = RANDOMIZED       | parameters are randomly generated
after-failure = SAMPLE_FIRST  | try previously failed sample, then previous seed
when-fixed-seed = ALLOW       | fixing the random seed is allowed
edge-cases#mode = MIXIN       | edge cases are mixed in
edge-cases#total = 8          | # of all combined edge cases
edge-cases#tried = 8          | # of edge cases tried in current run
seed = -4173064294864772860   | random seed to reproduce generated values


]]></system-out>
  </testcase>
  <testcase name="dayScopeProducesWorkoutAndNullProgram" classname="com.gmail.ramawthar.priyash.hybridstrength.workoutcreator.property.GenerationPropertyTest" time="0.05">
    <system-out><![CDATA[timestamp = 2026-04-30T16:27:21.080287, GenerationPropertyTest:dayScopeProducesWorkoutAndNullProgram = 
                              |-----------------------jqwik-----------------------
tries = 100                   | # of calls to property
checks = 100                  | # of not rejected calls
generation = RANDOMIZED       | parameters are randomly generated
after-failure = SAMPLE_FIRST  | try previously failed sample, then previous seed
when-fixed-seed = ALLOW       | fixing the random seed is allowed
edge-cases#mode = MIXIN       | edge cases are mixed in
edge-cases#total = 100        | # of all combined edge cases
edge-cases#tried = 16         | # of edge cases tried in current run
seed = 8240361910890215218    | random seed to reproduce generated values


]]></system-out>
    <system-err><![CDATA[Apr 30, 2026 4:27:21 PM net.jqwik.engine.properties.RandomizedShrinkablesGenerator logEdgeCasesOutnumberTriesIfApplicable
INFO: Edge case generation exceeds number of tries. Stopped after 100 generated cases.
]]></system-err>
  </testcase>
  <testcase name="successfulDayResultHasRawTextParsedWorkoutAndNullError" classname="com.gmail.ramawthar.priyash.hybridstrength.workoutcreator.property.GenerationPropertyTest" time="0.038">
    <system-out><![CDATA[timestamp = 2026-04-30T16:27:21.118500, GenerationPropertyTest:successfulDayResultHasRawTextParsedWorkoutAndNullError = 
                              |-----------------------jqwik-----------------------
tries = 100                   | # of calls to property
checks = 100                  | # of not rejected calls
generation = RANDOMIZED       | parameters are randomly generated
after-failure = SAMPLE_FIRST  | try previously failed sample, then previous seed
when-fixed-seed = ALLOW       | fixing the random seed is allowed
edge-cases#mode = MIXIN       | edge cases are mixed in
edge-cases#total = 100        | # of all combined edge cases
edge-cases#tried = 19         | # of edge cases tried in current run
seed = 969329789926114186     | random seed to reproduce generated values


]]></system-out>
    <system-err><![CDATA[Apr 30, 2026 4:27:21 PM net.jqwik.engine.properties.RandomizedShrinkablesGenerator logEdgeCasesOutnumberTriesIfApplicable
INFO: Edge case generation exceeds number of tries. Stopped after 100 generated cases.
]]></system-err>
  </testcase>
</testsuite>