-------------------------------------------------------------------------------
Test set: com.gmail.ramawthar.priyash.hybridstrength.workoutsession.integration.PerformanceTrackingIntegrationTest$DurationComputationTests
-------------------------------------------------------------------------------
Tests run: 3, Failures: 0, Errors: 0, Skipped: 0, Time elapsed: 23.69 s -- in com.gmail.ramawthar.priyash.hybridstrength.workoutsession.integration.PerformanceTrackingIntegrationTest$DurationComputationTests
