<?xml version="1.0" encoding="UTF-8"?>
<testsuite xmlns:xsi="http://www.w3.org/2001/XMLSchema-instance" xsi:noNamespaceSchemaLocation="https://maven.apache.org/surefire/maven-surefire-plugin/xsd/surefire-test-report.xsd" version="3.0.2" name="com.gmail.ramawthar.priyash.hybridstrength.authservice.property.RegistrationPropertyTest" time="76.181" tests="2" errors="0" skipped="0" failures="0">
  <properties>
[...]
</properties>
  <testcase name="registrationRoundTrip" classname="com.gmail.ramawthar.priyash.hybridstrength.authservice.property.RegistrationPropertyTest" time="75.926">
    <system-out><![CDATA[21:49:20.356 [main] INFO com.gmail.ramawthar.priyash.hybridstrength.authservice.registration.application.RegisterUserService -- User registered successfully with id: e246d9a6-5aa9-4530-9125-8a59eed256e4
21:49:21.120 [main] INFO com.gmail.ramawthar.priyash.hybridstrength.authservice.registration.application.RegisterUserService -- User registered successfully with id: 632a24a1-b269-436d-a951-d433f091bdb4
21:49:21.865 [main] INFO com.gmail.ramawthar.priyash.hybridstrength.authservice.registration.application.RegisterUserService -- User registered successfully with id: a65c9c5b-faa9-4eb6-a916-1baeb25a9d95
21:49:22.609 [main] INFO com.gmail.ramawthar.priyash.hybridstrength.authservice.registration.application.RegisterUserService -- User registered successfully with id: fe6c3477-28fb-4b38-929c-ad703d2f03f2
21:49:23.337 [main] INFO com.gmail.ramawthar.priyash.hybridstrength.authservice.registration.application.RegisterUserService -- User registered successfully with id: fefbb5aa-0216-4b82-a9c2-9c8c8825a0a2
21:49:24.086 [main] INFO com.gmail.ramawthar.priyash.hybridstrength.authservice.registration.application.RegisterUserService -- User registered successfully with id: 76aa6a7e-df69-4bbd-9a16-aebbb1f8b891
21:49:24.823 [main] INFO com.gmail.ramawthar.priyash.hybridstrength.authservice.registration.application.RegisterUserService -- User registered successfully with id: dbf5f9cc-b45a-49a1-850d-2779023e8bc7
21:49:25.559 [main] INFO com.gmail.ramawthar.priyash.hybridstrength.authservice.registration.application.RegisterUserService -- User registered successfully with id: 125d69f5-00a5-4477-9803-f802e26bf2d6
21:49:26.322 [main] INFO com.gmail.ramawthar.priyash.hybridstrength.authservice.registration.application.RegisterUserService -- User registered successfully with id: f145f465-2666-40e1-bb81-a5ff7efc5cfc
21:49:27.086 [main] INFO com.gmail.ramawthar.priyash.hybridstrength.authservice.registration.application.RegisterUserService -- User registered successfully with id: 9b1edaa1-93b4-4da4-b6d7-5aa05bd36127
21:49:27.833 [main] INFO com.gmail.ramawthar.priyash.hybridstrength.authservice.registration.application.RegisterUserService -- User registered successfully with id: 31d2f6af-bd43-466d-a77f-5ab3baf97ca5
21:49:28.581 [main] INFO com.gmail.ramawthar.priyash.hybridstrength.authservice.registration.application.RegisterUserService -- User registered successfully with id: 9399012f-733a-4f99-86cd-2614f36ad262
21:49:29.484 [main] INFO com.gmail.ramawthar.priyash.hybridstrength.authservice.registration.application.RegisterUserService -- User registered successfully with id: 045c21be-95b0-45e8-a533-e8896b28c740
21:49:30.267 [main] INFO com.gmail.ramawthar.priyash.hybridstrength.authservice.registration.application.RegisterUserService -- User registered successfully with id: 9b94822a-65cb-44a1-a5a0-8602785525d1
21:49:31.028 [main] INFO com.gmail.ramawthar.priyash.hybridstrength.authservice.registration.application.RegisterUserService -- User registered successfully with id: d0a1dc8f-a698-4621-a7f6-efa6f168548f
21:49:31.798 [main] INFO com.gmail.ramawthar.priyash.hybridstrength.authservice.registration.application.RegisterUserService -- User registered successfully with id: 9a0f0017-72ab-4e7d-83bb-f079c20408f8
21:49:32.573 [main] INFO com.gmail.ramawthar.priyash.hybridstrength.authservice.registration.application.RegisterUserService -- User registered successfully with id: e654a7cd-ad29-4710-8e29-71daad532ab1
21:49:33.349 [main] INFO com.gmail.ramawthar.priyash.hybridstrength.authservice.registration.application.RegisterUserService -- User registered successfully with id: 4634be74-e41d-4224-a0ea-2a377399a2c1
21:49:34.098 [main] INFO com.gmail.ramawthar.priyash.hybridstrength.authservice.registration.application.RegisterUserService -- User registered successfully with id: f86ad5c6-9f6b-4ff3-901d-28466f6353ed
21:49:34.841 [main] INFO com.gmail.ramawthar.priyash.hybridstrength.authservice.registration.application.RegisterUserService -- User registered successfully with id: aba3aba6-da9b-459d-ae13-7f48e95b3791
21:49:35.575 [main] INFO com.gmail.ramawthar.priyash.hybridstrength.authservice.registration.application.RegisterUserService -- User registered successfully with id: 751b09db-9880-4ee9-bd99-7eac95477f98
21:49:36.319 [main] INFO com.gmail.ramawthar.priyash.hybridstrength.authservice.registration.application.RegisterUserService -- User registered successfully with id: 00032828-94c4-4de4-b35c-5e623db78545
21:49:37.048 [main] INFO com.gmail.ramawthar.priyash.hybridstrength.authservice.registration.application.RegisterUserService -- User registered successfully with id: 23499fec-8650-4dc1-8bea-b29bb2201739
21:49:37.776 [main] INFO com.gmail.ramawthar.priyash.hybridstrength.authservice.registration.application.RegisterUserService -- User registered successfully with id: 25b8373c-1b23-40ad-9872-0ad26b62e770
21:49:38.501 [main] INFO com.gmail.ramawthar.priyash.hybridstrength.authservice.registration.application.RegisterUserService -- User registered successfully with id: eabd77d6-4f7b-4b17-80a2-b2df8f730f75
21:49:39.243 [main] INFO com.gmail.ramawthar.priyash.hybridstrength.authservice.registration.application.RegisterUserService -- User registered successfully with id: 33334f00-ff89-4c4f-a0f7-2bd22e16b981
21:49:39.978 [main] INFO com.gmail.ramawthar.priyash.hybridstrength.authservice.registration.application.RegisterUserService -- User registered successfully with id: a9f50cdf-a3b6-40aa-8c1f-4ce2cd6c5f6d
21:49:40.709 [main] INFO com.gmail.ramawthar.priyash.hybridstrength.authservice.registration.application.RegisterUserService -- User registered successfully with id: ad20898f-1203-474e-924d-f2822b9db9d5
21:49:41.435 [main] INFO com.gmail.ramawthar.priyash.hybridstrength.authservice.registration.application.RegisterUserService -- User registered successfully with id: aea95956-fde8-4974-a127-45b629c99a4a
21:49:42.167 [main] INFO com.gmail.ramawthar.priyash.hybridstrength.authservice.registration.application.RegisterUserService -- User registered successfully with id: ca026036-604d-435a-a121-0e3d590c863b
21:49:42.911 [main] INFO com.gmail.ramawthar.priyash.hybridstrength.authservice.registration.application.RegisterUserService -- User registered successfully with id: 80e4c9cf-3211-4b1b-bfcf-6506f070caa8
21:49:43.923 [main] INFO com.gmail.ramawthar.priyash.hybridstrength.authservice.registration.application.RegisterUserService -- User registered successfully with id: e5de712b-d8bd-4b43-9b8e-f1fc2aa7c08c
21:49:44.788 [main] INFO com.gmail.ramawthar.priyash.hybridstrength.authservice.registration.application.RegisterUserService -- User registered successfully with id: 5746f26c-34a5-4d6c-ab08-be49d5c938d7
21:49:45.761 [main] INFO com.gmail.ramawthar.priyash.hybridstrength.authservice.registration.application.RegisterUserService -- User registered successfully with id: 5fbb5098-80c5-4c66-84be-2bc23082ee0a
21:49:46.504 [main] INFO com.gmail.ramawthar.priyash.hybridstrength.authservice.registration.application.RegisterUserService -- User registered successfully with id: 28844b19-f4da-4f81-a49b-36cffd49c395
21:49:47.252 [main] INFO com.gmail.ramawthar.priyash.hybridstrength.authservice.registration.application.RegisterUserService -- User registered successfully with id: 25b1df1a-60a6-4da4-8661-82d338b9413f
21:49:47.990 [main] INFO com.gmail.ramawthar.priyash.hybridstrength.authservice.registration.application.RegisterUserService -- User registered successfully with id: 0f5fb14b-7f1b-4e3b-a297-7e4390b20046
21:49:48.733 [main] INFO com.gmail.ramawthar.priyash.hybridstrength.authservice.registration.application.RegisterUserService -- User registered successfully with id: 89ad2e2e-e2d1-4206-8f4b-b87ce3a64b8e
21:49:49.469 [main] INFO com.gmail.ramawthar.priyash.hybridstrength.authservice.registration.application.RegisterUserService -- User registered successfully with id: 30c50d90-c4ce-4bef-a098-5ffea50b6d0c
21:49:50.199 [main] INFO com.gmail.ramawthar.priyash.hybridstrength.authservice.registration.application.RegisterUserService -- User registered successfully with id: d39df73d-5703-4c82-8ba1-f1bc10c43842
21:49:50.929 [main] INFO com.gmail.ramawthar.priyash.hybridstrength.authservice.registration.application.RegisterUserService -- User registered successfully with id: a4d73b0f-59bb-4459-add6-40cead4762c4
21:49:51.663 [main] INFO com.gmail.ramawthar.priyash.hybridstrength.authservice.registration.application.RegisterUserService -- User registered successfully with id: 0b404988-eaf0-45dd-b536-5c31b7a3e68f
21:49:52.403 [main] INFO com.gmail.ramawthar.priyash.hybridstrength.authservice.registration.application.RegisterUserService -- User registered successfully with id: cad30ef3-1f1c-4789-ad31-42d9977cc672
21:49:53.132 [main] INFO com.gmail.ramawthar.priyash.hybridstrength.authservice.registration.application.RegisterUserService -- User registered successfully with id: af469d2d-01c3-4fe7-b072-48d83e66cb40
21:49:53.869 [main] INFO com.gmail.ramawthar.priyash.hybridstrength.authservice.registration.application.RegisterUserService -- User registered successfully with id: aacb585e-b83f-4281-998e-2d21f92e84ec
21:49:54.612 [main] INFO com.gmail.ramawthar.priyash.hybridstrength.authservice.registration.application.RegisterUserService -- User registered successfully with id: 91df142a-8daa-44ee-8171-73226a888bd5
21:49:55.355 [main] INFO com.gmail.ramawthar.priyash.hybridstrength.authservice.registration.application.RegisterUserService -- User registered successfully with id: 3be12612-5789-465a-8e01-33767e338607
21:49:56.091 [main] INFO com.gmail.ramawthar.priyash.hybridstrength.authservice.registration.application.RegisterUserService -- User registered successfully with id: 885004c9-fa1f-447f-b342-7790040a594e
21:49:56.825 [main] INFO com.gmail.ramawthar.priyash.hybridstrength.authservice.registration.application.RegisterUserService -- User registered successfully with id: 7bfe18ec-e748-4c53-835e-f559ba83c5bb
21:49:57.563 [main] INFO com.gmail.ramawthar.priyash.hybridstrength.authservice.registration.application.RegisterUserService -- User registered successfully with id: c01169d1-5251-49e2-b472-963e7ad62daa
21:49:58.300 [main] INFO com.gmail.ramawthar.priyash.hybridstrength.authservice.registration.application.RegisterUserService -- User registered successfully with id: 267ca07c-0fe3-4b46-84f9-6edff7609563
21:49:59.044 [main] INFO com.gmail.ramawthar.priyash.hybridstrength.authservice.registration.application.RegisterUserService -- User registered successfully with id: 97173d96-3c3a-4149-90d7-40f5d7561240
21:49:59.790 [main] INFO com.gmail.ramawthar.priyash.hybridstrength.authservice.registration.application.RegisterUserService -- User registered successfully with id: 0b3550a1-85c3-4344-a04d-7ecfcbfa5590
21:50:00.523 [main] INFO com.gmail.ramawthar.priyash.hybridstrength.authservice.registration.application.RegisterUserService -- User registered successfully with id: f536d560-92cd-4974-a596-b848501be583
21:50:01.257 [main] INFO com.gmail.ramawthar.priyash.hybridstrength.authservice.registration.application.RegisterUserService -- User registered successfully with id: 9f7a6037-b1ef-4918-a166-43cafaa4ec98
21:50:01.983 [main] INFO com.gmail.ramawthar.priyash.hybridstrength.authservice.registration.application.RegisterUserService -- User registered successfully with id: 8a8c3929-68f9-4a66-a295-4d79f419136c
21:50:02.721 [main] INFO com.gmail.ramawthar.priyash.hybridstrength.authservice.registration.application.RegisterUserService -- User registered successfully with id: bc1ada9f-4ac0-4bb1-aeae-96b82b9d610b
21:50:03.462 [main] INFO com.gmail.ramawthar.priyash.hybridstrength.authservice.registration.application.RegisterUserService -- User registered successfully with id: 600d02b3-6358-4590-a483-ccbb0216e689
21:50:04.232 [main] INFO com.gmail.ramawthar.priyash.hybridstrength.authservice.registration.application.RegisterUserService -- User registered successfully with id: e1bd2245-1611-40fa-aa8a-7bebdbccd9fe
21:50:05.015 [main] INFO com.gmail.ramawthar.priyash.hybridstrength.authservice.registration.application.RegisterUserService -- User registered successfully with id: 29b6f84a-e494-413f-bca0-73f79b1736dd
21:50:05.773 [main] INFO com.gmail.ramawthar.priyash.hybridstrength.authservice.registration.application.RegisterUserService -- User registered successfully with id: af9d9270-5c74-4bbd-b362-9728ac3ab245
21:50:06.541 [main] INFO com.gmail.ramawthar.priyash.hybridstrength.authservice.registration.application.RegisterUserService -- User registered successfully with id: 7887eb77-8c63-495f-af4c-30dcff36a081
21:50:07.307 [main] INFO com.gmail.ramawthar.priyash.hybridstrength.authservice.registration.application.RegisterUserService -- User registered successfully with id: 2e6101b0-b45d-4d62-b47b-718e6069adce
21:50:08.070 [main] INFO com.gmail.ramawthar.priyash.hybridstrength.authservice.registration.application.RegisterUserService -- User registered successfully with id: 7b119beb-2cf0-413a-9b63-684eb7060ae5
21:50:08.839 [main] INFO com.gmail.ramawthar.priyash.hybridstrength.authservice.registration.application.RegisterUserService -- User registered successfully with id: bcb50c48-7aac-4db2-a3fd-e6ca03e66bd3
21:50:09.611 [main] INFO com.gmail.ramawthar.priyash.hybridstrength.authservice.registration.application.RegisterUserService -- User registered successfully with id: 592286d1-d387-4767-bf28-af58707845d8
21:50:10.363 [main] INFO com.gmail.ramawthar.priyash.hybridstrength.authservice.registration.application.RegisterUserService -- User registered successfully with id: 4f8195fe-f2ce-422c-bfb2-3924585a5620
21:50:11.120 [main] INFO com.gmail.ramawthar.priyash.hybridstrength.authservice.registration.application.RegisterUserService -- User registered successfully with id: a756b49d-4232-4371-ba57-bbc7d8106824
21:50:11.890 [main] INFO com.gmail.ramawthar.priyash.hybridstrength.authservice.registration.application.RegisterUserService -- User registered successfully with id: 4c4052a2-2388-4e59-aecb-58a760874bef
21:50:12.615 [main] INFO com.gmail.ramawthar.priyash.hybridstrength.authservice.registration.application.RegisterUserService -- User registered successfully with id: b90fb060-2ee3-48c8-b15a-f7ef6c6ed2b3
21:50:13.341 [main] INFO com.gmail.ramawthar.priyash.hybridstrength.authservice.registration.application.RegisterUserService -- User registered successfully with id: 696c2b0c-bff7-408e-98e8-b01dcf316c3b
21:50:14.081 [main] INFO com.gmail.ramawthar.priyash.hybridstrength.authservice.registration.application.RegisterUserService -- User registered successfully with id: 21cea586-8e9b-451b-be9b-31e393827e05
21:50:15.011 [main] INFO com.gmail.ramawthar.priyash.hybridstrength.authservice.registration.application.RegisterUserService -- User registered successfully with id: 356df309-d6d4-43ba-8b42-19a8c5868eeb
21:50:15.817 [main] INFO com.gmail.ramawthar.priyash.hybridstrength.authservice.registration.application.RegisterUserService -- User registered successfully with id: 7f8aaeee-a941-489e-a5cb-26da877a01da
21:50:16.557 [main] INFO com.gmail.ramawthar.priyash.hybridstrength.authservice.registration.application.RegisterUserService -- User registered successfully with id: 795e62d8-b1c2-4da8-9330-cce6df7fb624
21:50:17.277 [main] INFO com.gmail.ramawthar.priyash.hybridstrength.authservice.registration.application.RegisterUserService -- User registered successfully with id: c3a61a49-f298-41f3-81f9-edb37bd633fc
21:50:18.002 [main] INFO com.gmail.ramawthar.priyash.hybridstrength.authservice.registration.application.RegisterUserService -- User registered successfully with id: f94aaa6e-935e-4316-bad3-79c3dc9b45f7
21:50:18.732 [main] INFO com.gmail.ramawthar.priyash.hybridstrength.authservice.registration.application.RegisterUserService -- User registered successfully with id: 04c1b8c6-3a66-430d-8ba2-32bfb79a5b8a
21:50:19.466 [main] INFO com.gmail.ramawthar.priyash.hybridstrength.authservice.registration.application.RegisterUserService -- User registered successfully with id: 4757433b-8057-44bd-88c7-f218a3d28bbe
21:50:20.193 [main] INFO com.gmail.ramawthar.priyash.hybridstrength.authservice.registration.application.RegisterUserService -- User registered successfully with id: 71e21dd2-7081-485e-810d-afc9c890872c
21:50:20.907 [main] INFO com.gmail.ramawthar.priyash.hybridstrength.authservice.registration.application.RegisterUserService -- User registered successfully with id: c01822ff-c931-4051-94f0-483017f1dbe9
21:50:21.634 [main] INFO com.gmail.ramawthar.priyash.hybridstrength.authservice.registration.application.RegisterUserService -- User registered successfully with id: aa4f56ac-19b6-470a-941f-5c035670eb68
21:50:22.346 [main] INFO com.gmail.ramawthar.priyash.hybridstrength.authservice.registration.application.RegisterUserService -- User registered successfully with id: 05f01b99-9ff7-4a37-80ff-5de9976c3e53
21:50:23.082 [main] INFO com.gmail.ramawthar.priyash.hybridstrength.authservice.registration.application.RegisterUserService -- User registered successfully with id: a8a66ed8-65dc-4ea9-8521-33d1198c65a4
21:50:23.801 [main] INFO com.gmail.ramawthar.priyash.hybridstrength.authservice.registration.application.RegisterUserService -- User registered successfully with id: d9582ce2-06c9-4e11-b5ea-f72966f87b25
21:50:24.594 [main] INFO com.gmail.ramawthar.priyash.hybridstrength.authservice.registration.application.RegisterUserService -- User registered successfully with id: bfb41e35-4515-4504-ae07-2241d619bb21
21:50:25.335 [main] INFO com.gmail.ramawthar.priyash.hybridstrength.authservice.registration.application.RegisterUserService -- User registered successfully with id: 75932bda-7ee2-45a2-9bab-944448fa7cf9
21:50:26.090 [main] INFO com.gmail.ramawthar.priyash.hybridstrength.authservice.registration.application.RegisterUserService -- User registered successfully with id: 28b8c5a2-eeac-4b75-ad19-7c156822d298
21:50:26.828 [main] INFO com.gmail.ramawthar.priyash.hybridstrength.authservice.registration.application.RegisterUserService -- User registered successfully with id: a5b00341-3084-49db-81b8-8696fd020766
21:50:27.642 [main] INFO com.gmail.ramawthar.priyash.hybridstrength.authservice.registration.application.RegisterUserService -- User registered successfully with id: 5c0d7e84-b718-44bc-b009-190b4b825155
21:50:28.381 [main] INFO com.gmail.ramawthar.priyash.hybridstrength.authservice.registration.application.RegisterUserService -- User registered successfully with id: 14f7de1f-9f3b-4634-894e-31b0cde221c4
21:50:29.174 [main] INFO com.gmail.ramawthar.priyash.hybridstrength.authservice.registration.application.RegisterUserService -- User registered successfully with id: 49bbe7f0-4fb0-4ecb-a339-3247515a98db
21:50:29.944 [main] INFO com.gmail.ramawthar.priyash.hybridstrength.authservice.registration.application.RegisterUserService -- User registered successfully with id: efc37f21-3c8f-48e5-bd72-28cf7a007926
21:50:30.683 [main] INFO com.gmail.ramawthar.priyash.hybridstrength.authservice.registration.application.RegisterUserService -- User registered successfully with id: 5aa6b78e-1b8c-4d0c-b7e8-f118036b8d97
21:50:31.419 [main] INFO com.gmail.ramawthar.priyash.hybridstrength.authservice.registration.application.RegisterUserService -- User registered successfully with id: 52e3dd4c-ad74-428c-8962-b139248eec1c
21:50:32.175 [main] INFO com.gmail.ramawthar.priyash.hybridstrength.authservice.registration.application.RegisterUserService -- User registered successfully with id: 89b0a1a1-600c-4108-9b97-1f2ec4fa6c69
21:50:32.914 [main] INFO com.gmail.ramawthar.priyash.hybridstrength.authservice.registration.application.RegisterUserService -- User registered successfully with id: daef494a-d61c-4f7b-89b6-9197601b93d6
21:50:33.659 [main] INFO com.gmail.ramawthar.priyash.hybridstrength.authservice.registration.application.RegisterUserService -- User registered successfully with id: 49c6b235-c19f-4dff-85c7-54d7a577fe53
21:50:34.411 [main] INFO com.gmail.ramawthar.priyash.hybridstrength.authservice.registration.application.RegisterUserService -- User registered successfully with id: cbea5fb4-1612-4288-ad54-79b814c9ad86
21:50:35.168 [main] INFO com.gmail.ramawthar.priyash.hybridstrength.authservice.registration.application.RegisterUserService -- User registered successfully with id: 0a3457ed-4952-4bf0-b647-8e30791680d4
timestamp = 2026-05-11T21:50:35.559730, RegistrationPropertyTest:registrationRoundTrip = 
                              |-----------------------jqwik-----------------------
tries = 100                   | # of calls to property
checks = 100                  | # of not rejected calls
generation = RANDOMIZED       | parameters are randomly generated
after-failure = SAMPLE_FIRST  | try previously failed sample, then previous seed
when-fixed-seed = ALLOW       | fixing the random seed is allowed
edge-cases#mode = MIXIN       | edge cases are mixed in
edge-cases#total = 12         | # of all combined edge cases
edge-cases#tried = 7          | # of edge cases tried in current run
seed = -3865365895435420171   | random seed to reproduce generated values


]]></system-out>
  </testcase>
  <testcase name="register DuplicateEmail ThrowsDuplicateEmailExceptionAndRepositoryUnchanged" classname="com.gmail.ramawthar.priyash.hybridstrength.authservice.property.RegistrationPropertyTest" time="0.102">
    <system-out><![CDATA[21:50:35.582 [main] WARN com.gmail.ramawthar.priyash.hybridstrength.authservice.registration.application.RegisterUserService -- Registration rejected — duplicate email: |`LIiinN@ZAq1EBls.hcS.Xleb8u2
21:50:35.584 [main] WARN com.gmail.ramawthar.priyash.hybridstrength.authservice.registration.application.RegisterUserService -- Registration rejected — duplicate email: T'jyR@QGLe.qZJYt4l5CjaMF4glE3XZyRt8BEjG45LvAz63VF2WSMcweJZ2s.7oYn45Wt5XU.N6Ft0.mlC2wjPgYwbSOLP8o.Z.cpDdrDJf18.O3L4VxjLk
21:50:35.585 [main] WARN com.gmail.ramawthar.priyash.hybridstrength.authservice.registration.application.RegisterUserService -- Registration rejected — duplicate email: {l2@nM8qh-9f2-uzCP7ya22z9skqz.bcD6l.0CSMhniR.2uurg.fcvZ74p6.FCC6EV.ROyo.LG7QC.V9
21:50:35.586 [main] WARN com.gmail.ramawthar.priyash.hybridstrength.authservice.registration.application.RegisterUserService -- Registration rejected — duplicate email: KMhJxaW=@0.3IKH9u.5DP4.XcWSR7TcckC.aqkxg.NvZ7X7Ar5SI.9xbdKi2Zufy.FJVonm
21:50:35.586 [main] WARN com.gmail.ramawthar.priyash.hybridstrength.authservice.registration.application.RegisterUserService -- Registration rejected — duplicate email: a@a.aa
21:50:35.589 [main] WARN com.gmail.ramawthar.priyash.hybridstrength.authservice.registration.application.RegisterUserService -- Registration rejected — duplicate email: wQH##yz8|g9N+04tobKkyOE49Hb~YuNneBjk~yS$Q!!%1@KagQX5C.ukCKRHJDg.9sMJ1fz6Vbw.mBxpxY.Af.ncTCsW
21:50:35.590 [main] WARN com.gmail.ramawthar.priyash.hybridstrength.authservice.registration.application.RegisterUserService -- Registration rejected — duplicate email: uxe-kgH@N8iiiJSvk6R.E.qOf2EpU.eZEQXLo2S
21:50:35.591 [main] WARN com.gmail.ramawthar.priyash.hybridstrength.authservice.registration.application.RegisterUserService -- Registration rejected — duplicate email: a@a.aa
21:50:35.591 [main] WARN com.gmail.ramawthar.priyash.hybridstrength.authservice.registration.application.RegisterUserService -- Registration rejected — duplicate email: a@0.aa
21:50:35.592 [main] WARN com.gmail.ramawthar.priyash.hybridstrength.authservice.registration.application.RegisterUserService -- Registration rejected — duplicate email: yt'-@tk0onwl.8gXXjdxY.1EykU.PFApS4lJ1h.S9sRB01P3Qo.c6E1b.WZ19Ea
21:50:35.593 [main] WARN com.gmail.ramawthar.priyash.hybridstrength.authservice.registration.application.RegisterUserService -- Registration rejected — duplicate email: YZ!c-iLgDJ@3V4hrKVc.kY
21:50:35.595 [main] WARN com.gmail.ramawthar.priyash.hybridstrength.authservice.registration.application.RegisterUserService -- Registration rejected — duplicate email: +`KT+-@PDYK9hshvi.XZ.Ep2yPafU.DWs60deRlbX3ZldMKVOLSYHObld1ryeCAvkunCqHQAV25O3eB-34K2a9a2.q1jJUb.J.isU5YGc6
21:50:35.596 [main] WARN com.gmail.ramawthar.priyash.hybridstrength.authservice.registration.application.RegisterUserService -- Registration rejected — duplicate email: PMObFb.qz{@gF231Rodm.A9zJOi0j.PiQfHf0NH1.PemC5.yiJe-I5s.8anJ5e5.eQxBEZr8xrMtfsS7LmJgFmwmQeWakmLhsXPKl.x5Q6f43Wy9N.l35mPHu
21:50:35.598 [main] WARN com.gmail.ramawthar.priyash.hybridstrength.authservice.registration.application.RegisterUserService -- Registration rejected — duplicate email: 8#z@TjKUm.w6f.wdB0UV1Ak.Bem.IISD8AZj6hQLw5j1DYaj0sutucuaie2ZBbmjVTvAXhEY2jQrD1dFC7Iq.c6HtWlCvJ9NtEmckdxZWJnKBK4v40IWLgaKDdtZ-m0gHntldbacMvQSxzN13NO4.h.CX5
21:50:35.599 [main] WARN com.gmail.ramawthar.priyash.hybridstrength.authservice.registration.application.RegisterUserService -- Registration rejected — duplicate email: -%N@5mTB6.bX0.pT-L6AhyO3ovqcq079OrkaAlvd2uI-n-LSUVZXXDHM79jaegTyRn.IJcB.poOs5qlogz
21:50:35.600 [main] WARN com.gmail.ramawthar.priyash.hybridstrength.authservice.registration.application.RegisterUserService -- Registration rejected — duplicate email: 7xiQ?jm@lD8az7-WT0.a.wBCK6v
21:50:35.601 [main] WARN com.gmail.ramawthar.priyash.hybridstrength.authservice.registration.application.RegisterUserService -- Registration rejected — duplicate email: $yk@EZx74-f0I7C.SCvQN.b2Trp-wHGSGHwdgIuftc8gMJZFEmcK8LtVvd8dXjmkWzq-mbScpiiS.iUavO.lXTWKjca
21:50:35.602 [main] WARN com.gmail.ramawthar.priyash.hybridstrength.authservice.registration.application.RegisterUserService -- Registration rejected — duplicate email: &i%lv%~ea#@FHNk9O9.7i.R6MrYT-nR0n.9NeYRH1zuf.y5sM90.8bTLu.6CDsfLwGh.qU3fUr6.1zwO.CQ
21:50:35.602 [main] WARN com.gmail.ramawthar.priyash.hybridstrength.authservice.registration.application.RegisterUserService -- Registration rejected — duplicate email: a@a.aa
21:50:35.603 [main] WARN com.gmail.ramawthar.priyash.hybridstrength.authservice.registration.application.RegisterUserService -- Registration rejected — duplicate email: J?BYT0^TP4Zy?hzt4a~?rt!F/%rQY&eWX@FZhauSTW.5rqxLtOr.c.D9e.FZ0Arc5wEZB.2kob.bB8S.bxzAFL8
21:50:35.607 [main] WARN com.gmail.ramawthar.priyash.hybridstrength.authservice.registration.application.RegisterUserService -- Registration rejected — duplicate email: rI3ekhx=G}gmYYG#vfI+/qYHqG$=UA@hvrqwI6-O.rr5dagaDXJ3a7GJ77Ac4aMaLVlDetlC8EZhaJ1OYtO.a.dS0eZt6kYpo.5lrY1JBDJ.mMEOiNELtyNnFmVDys4CjkPwzqIVk9S7-WcGZY5OLNIlurfeLaYBfqjCqXkkfk.e15TzzqpyilBGcPwFCV4axJjsi6h9F-FwQ3nQIUGTeYBR6hVEWqZZRDMAXYp-XA.UH0XQB
21:50:35.607 [main] WARN com.gmail.ramawthar.priyash.hybridstrength.authservice.registration.application.RegisterUserService -- Registration rejected — duplicate email: A@0.aa
21:50:35.608 [main] WARN com.gmail.ramawthar.priyash.hybridstrength.authservice.registration.application.RegisterUserService -- Registration rejected — duplicate email: =8HoG3hqd`det^6Le#HRi@Yc1Mla.jELzpPgm.XhbtQS2lrkw.uM88.NRRI9.th.JeQICy
21:50:35.609 [main] WARN com.gmail.ramawthar.priyash.hybridstrength.authservice.registration.application.RegisterUserService -- Registration rejected — duplicate email: ?@jWzR8NAuJw6fGqYP-6y.y2.I2ngH
21:50:35.610 [main] WARN com.gmail.ramawthar.priyash.hybridstrength.authservice.registration.application.RegisterUserService -- Registration rejected — duplicate email: KuL?iy@erc.Fvzsc.YgAI5HD.8fnV8qxyd.s6lxC8F
21:50:35.610 [main] WARN com.gmail.ramawthar.priyash.hybridstrength.authservice.registration.application.RegisterUserService -- Registration rejected — duplicate email: 7vl2p$n23@3.SL
21:50:35.611 [main] WARN com.gmail.ramawthar.priyash.hybridstrength.authservice.registration.application.RegisterUserService -- Registration rejected — duplicate email: XF~^@77wRNplFJexOLrhE9exkO8JRTHO2D07rfhgNYlwfxly9GG78v4QGQQ.etU.We
21:50:35.613 [main] WARN com.gmail.ramawthar.priyash.hybridstrength.authservice.registration.application.RegisterUserService -- Registration rejected — duplicate email: n@RaA.amR.SO.tV0DwiFo.4FadeJc7.zSmda.EY.JhQXw-3
21:50:35.614 [main] WARN com.gmail.ramawthar.priyash.hybridstrength.authservice.registration.application.RegisterUserService -- Registration rejected — duplicate email: a@0.aa
21:50:35.614 [main] WARN com.gmail.ramawthar.priyash.hybridstrength.authservice.registration.application.RegisterUserService -- Registration rejected — duplicate email: }q@eoeBz.wpE022hqGH.61m.cxbTzckek.EOLqyU.BbFc
21:50:35.615 [main] WARN com.gmail.ramawthar.priyash.hybridstrength.authservice.registration.application.RegisterUserService -- Registration rejected — duplicate email: {ykQja1tD@p.EhJKhmGV
21:50:35.616 [main] WARN com.gmail.ramawthar.priyash.hybridstrength.authservice.registration.application.RegisterUserService -- Registration rejected — duplicate email: Ow$@f.a.DPO-kKR7mC.fYBZ.BDNTUy5-RxTnIBeU89-fBnv1GYELV4rpUs69frPBTKgKHRdQ0x.7lx.w4.WHzmB0z.KVa.xKl0Tg
21:50:35.617 [main] WARN com.gmail.ramawthar.priyash.hybridstrength.authservice.registration.application.RegisterUserService -- Registration rejected — duplicate email: M7{W@kMs.KNWu6U6
21:50:35.618 [main] WARN com.gmail.ramawthar.priyash.hybridstrength.authservice.registration.application.RegisterUserService -- Registration rejected — duplicate email: N@576Kn.bsUogEE8fqp.Bi.EdG-zD1Z989ZY0CfhCYNEdFc3FrYlUYho02GsROArwmqogvuik2T.1.oOVNoAK.Z.KNhchmk9p.b9YZ34QkL8.nYjs.fXQKNeglT
21:50:35.618 [main] WARN com.gmail.ramawthar.priyash.hybridstrength.authservice.registration.application.RegisterUserService -- Registration rejected — duplicate email: A@a.aa
21:50:35.619 [main] WARN com.gmail.ramawthar.priyash.hybridstrength.authservice.registration.application.RegisterUserService -- Registration rejected — duplicate email: 0@0.aa
21:50:35.620 [main] WARN com.gmail.ramawthar.priyash.hybridstrength.authservice.registration.application.RegisterUserService -- Registration rejected — duplicate email: U~h|j@3ma87bcQB.a.Dc0CZr6gJOVys9sh2tVEdbitp3Olic85Km5Gt0pg.tcKDYoTZ9A8.yy.qc2j.t.lIMpNO0.Cqh32WwN
21:50:35.622 [main] WARN com.gmail.ramawthar.priyash.hybridstrength.authservice.registration.application.RegisterUserService -- Registration rejected — duplicate email: aSW1@kB2q2eFHM.HnxMvJMlP.2cWZAd1U8.I1GdYQ.FPfMPEejAlkipZsuuQtzvJEg71Qz7OEeCZq21pnMEsyDai7AeClDGgGL6jD.RTitX.mY
21:50:35.623 [main] WARN com.gmail.ramawthar.priyash.hybridstrength.authservice.registration.application.RegisterUserService -- Registration rejected — duplicate email: HWueJES9N!@hcoB8FzFov7.4p.j1oFpAsRdF.Nui9CB18w
21:50:35.623 [main] WARN com.gmail.ramawthar.priyash.hybridstrength.authservice.registration.application.RegisterUserService -- Registration rejected — duplicate email: A@a.aa
21:50:35.624 [main] WARN com.gmail.ramawthar.priyash.hybridstrength.authservice.registration.application.RegisterUserService -- Registration rejected — duplicate email: WGG{Dp@Z.rvA.VNW
21:50:35.625 [main] WARN com.gmail.ramawthar.priyash.hybridstrength.authservice.registration.application.RegisterUserService -- Registration rejected — duplicate email: Jn|V%O4dU@Z.SHpgBs.SNKObcWq.uaI0.0UGthFQqhv.LGaMXxB-bYa.P.20WmI.uhc.LIgznhoG1f6.U5y
21:50:35.626 [main] WARN com.gmail.ramawthar.priyash.hybridstrength.authservice.registration.application.RegisterUserService -- Registration rejected — duplicate email: e|=2@0.Vnn6B9.Zph.dfNRu66B3.Q1nNl6Sd0N.QFEXfj.buz4j.WoVgZiU.mVkMt1NRn
21:50:35.626 [main] WARN com.gmail.ramawthar.priyash.hybridstrength.authservice.registration.application.RegisterUserService -- Registration rejected — duplicate email: A@0.aa
21:50:35.626 [main] WARN com.gmail.ramawthar.priyash.hybridstrength.authservice.registration.application.RegisterUserService -- Registration rejected — duplicate email: p@M1O368dm6.GS-keN1Ts0F.MUknY.Apc3otQlC1.32JzB.tflnhoTSqyvHhs8.lNY.vWyxdgJu
21:50:35.627 [main] WARN com.gmail.ramawthar.priyash.hybridstrength.authservice.registration.application.RegisterUserService -- Registration rejected — duplicate email: A@0.aa
21:50:35.627 [main] WARN com.gmail.ramawthar.priyash.hybridstrength.authservice.registration.application.RegisterUserService -- Registration rejected — duplicate email: A@0.aa
21:50:35.628 [main] WARN com.gmail.ramawthar.priyash.hybridstrength.authservice.registration.application.RegisterUserService -- Registration rejected — duplicate email: //C5jEh@K2GQlO.ON.rLPMHc4.Cq7eu.gpwEFeQ.yKGj7.0.aMBgFMHx.rpNfs8J8y.Bg9tv6H.lZa
21:50:35.628 [main] WARN com.gmail.ramawthar.priyash.hybridstrength.authservice.registration.application.RegisterUserService -- Registration rejected — duplicate email: 0@a.aa
21:50:35.629 [main] WARN com.gmail.ramawthar.priyash.hybridstrength.authservice.registration.application.RegisterUserService -- Registration rejected — duplicate email: nZEG%K@HOBc85.qu1IOESGSL.NZy4RuFGUjjzyxI5wqzucX4TbgRLuadeCr5fvV9x08tFxwP4Evu.OdeZ.v.swmNECn.cTl.4MfSn1z.wctmUa8o
21:50:35.630 [main] WARN com.gmail.ramawthar.priyash.hybridstrength.authservice.registration.application.RegisterUserService -- Registration rejected — duplicate email: h1lINY@BY7UHZ-1.1.EYugcauPU.G.Y.zgujlX.0.FCoVV2Qq9W.DSoys7qixL
21:50:35.630 [main] WARN com.gmail.ramawthar.priyash.hybridstrength.authservice.registration.application.RegisterUserService -- Registration rejected — duplicate email: 0@a.aa
21:50:35.631 [main] WARN com.gmail.ramawthar.priyash.hybridstrength.authservice.registration.application.RegisterUserService -- Registration rejected — duplicate email: Fab}F?^jwSL-drUtxcTDo@9jiNGIWIg.3EqBMYpM.BajSMWCWv2.zaeFGqikVVlU4OZBuemsZg-wCKMrAHOmgU5IFDRi.xo4-0wCdw
21:50:35.631 [main] WARN com.gmail.ramawthar.priyash.hybridstrength.authservice.registration.application.RegisterUserService -- Registration rejected — duplicate email: IdBUoyg{/ww@Ei8joopIpx.XYL0Ief.FyNcv0lVmFbapvgL-ugiifVjMURJdKvb86GhAfTWuYsJfaGn1SF.Age.a.j9sR.bN6OJbH84
21:50:35.632 [main] WARN com.gmail.ramawthar.priyash.hybridstrength.authservice.registration.application.RegisterUserService -- Registration rejected — duplicate email: 55@JVrxF5J.oy
21:50:35.633 [main] WARN com.gmail.ramawthar.priyash.hybridstrength.authservice.registration.application.RegisterUserService -- Registration rejected — duplicate email: 0La~2?C!tg@w.LAu005.RyPrVSk.5fvYYeZgGR88nPFojkz.YoXZxgtrIly.nrVFbt3yRX6.JPVStim-hwEsHvcnyIbiSRT0mO37WtY6wHfW7XbactOEg87.P1BLFrd2z
21:50:35.633 [main] WARN com.gmail.ramawthar.priyash.hybridstrength.authservice.registration.application.RegisterUserService -- Registration rejected — duplicate email: HI@mcOMs57Vp5.8bKKFGKh.DIrEeor4n.yxm.0.ymc20PM3n2s.GRgf-bkCut.C0KWX.Q39r1sM.8TTpvodb.VnUy
21:50:35.634 [main] WARN com.gmail.ramawthar.priyash.hybridstrength.authservice.registration.application.RegisterUserService -- Registration rejected — duplicate email: N&de9z}%@kxrSg7se.dB.GsmMEjRDC8.a.L.ZQEdq9d7.0V.FZ.J8sjPSGZ5i
21:50:35.634 [main] WARN com.gmail.ramawthar.priyash.hybridstrength.authservice.registration.application.RegisterUserService -- Registration rejected — duplicate email: 0@0.aa
21:50:35.634 [main] WARN com.gmail.ramawthar.priyash.hybridstrength.authservice.registration.application.RegisterUserService -- Registration rejected — duplicate email: A@a.aa
21:50:35.635 [main] WARN com.gmail.ramawthar.priyash.hybridstrength.authservice.registration.application.RegisterUserService -- Registration rejected — duplicate email: cBTC!J_^L@a.9CiZ.1gV8kQre71.dAb7s.uq9u.d491vgfhl5.Q3MkWQg2eScZBbYPmUk.3y5Bjl6BhY.EM
21:50:35.636 [main] WARN com.gmail.ramawthar.priyash.hybridstrength.authservice.registration.application.RegisterUserService -- Registration rejected — duplicate email: mL!~3@FfENfFXvo.3gu9B.fDVAxQuMKzMg9a2HkWxsj.uolBqMl7vTgDVtUt22-WTlWpKQg98.ncmwus55cab4PkcQmUfjxuevMfo66jM3RKBtb5W2u0qmDUsbKwBBvnYkAmA1LE.sM.MqGxP.Z.J1TNXnPeZc
21:50:35.636 [main] WARN com.gmail.ramawthar.priyash.hybridstrength.authservice.registration.application.RegisterUserService -- Registration rejected — duplicate email: 'deovm1C9Z9@fMC3L6tino0Gtgu07l.wRhaNi.0.EAVQG
21:50:35.638 [main] WARN com.gmail.ramawthar.priyash.hybridstrength.authservice.registration.application.RegisterUserService -- Registration rejected — duplicate email: m~2NmX@DFUVLMdIRWDgvBSNpQHDZtt41UXV4xZX1X7yRsgdy57CQCtffaSD3UhgLQc034i.FPYZcE.4OiYLfs.7Y7.FAp7.FraPkZztbxm.ZH4m5xrO
21:50:35.639 [main] WARN com.gmail.ramawthar.priyash.hybridstrength.authservice.registration.application.RegisterUserService -- Registration rejected — duplicate email: 2UZcM.u~5EYS~9yHDM/fILKBq}`%Yja}%2iujL}~?/!-|o.$Ra=py3VpvLfZyQ`@a.VDuy7RiYqw7eDGt067YgDhfiDM1v-aSn1QbBVwS87lXcbv48.HwQX.deOHqT.DJZZa77rG.mle0o0g.Aq.ip9
21:50:35.640 [main] WARN com.gmail.ramawthar.priyash.hybridstrength.authservice.registration.application.RegisterUserService -- Registration rejected — duplicate email: a@a.aa
21:50:35.641 [main] WARN com.gmail.ramawthar.priyash.hybridstrength.authservice.registration.application.RegisterUserService -- Registration rejected — duplicate email: EUmu3~@5UYd5USYX.A.MnPJAo7NRqPvxD1Zn4emnDgsGo46B9a.qoW5QWrux.VIvhe
21:50:35.641 [main] WARN com.gmail.ramawthar.priyash.hybridstrength.authservice.registration.application.RegisterUserService -- Registration rejected — duplicate email: 0@0.aa
21:50:35.642 [main] WARN com.gmail.ramawthar.priyash.hybridstrength.authservice.registration.application.RegisterUserService -- Registration rejected — duplicate email: 7om!^@rxfgJ1.XD
21:50:35.642 [main] WARN com.gmail.ramawthar.priyash.hybridstrength.authservice.registration.application.RegisterUserService -- Registration rejected — duplicate email: Ez{@r9qrkDHLwO.Hq3sVd-mO.gZ1k8kYvSSl.ER.E0FWb
21:50:35.642 [main] WARN com.gmail.ramawthar.priyash.hybridstrength.authservice.registration.application.RegisterUserService -- Registration rejected — duplicate email: a@0.aa
21:50:35.643 [main] WARN com.gmail.ramawthar.priyash.hybridstrength.authservice.registration.application.RegisterUserService -- Registration rejected — duplicate email: ~kEw.cg@UB.e3QL6
21:50:35.644 [main] WARN com.gmail.ramawthar.priyash.hybridstrength.authservice.registration.application.RegisterUserService -- Registration rejected — duplicate email: ro/nSTF?u{E@nn.UQuSU2.GTQTCq8ute6.a.LU-9p9rXk4.vxJ.wxd-nEg0
21:50:35.644 [main] WARN com.gmail.ramawthar.priyash.hybridstrength.authservice.registration.application.RegisterUserService -- Registration rejected — duplicate email: jDV'$6@VdgybAuc.9KAZi02xwXd.NOEHNsP09.Q5Xg4lWOZm.HoD3B2GOSt.Z.YS.so0Q
21:50:35.645 [main] WARN com.gmail.ramawthar.priyash.hybridstrength.authservice.registration.application.RegisterUserService -- Registration rejected — duplicate email: %@2jmjPf6.r70.Q.tB.varKP.yYNCx.hoLEr.lYTEB0Qg
21:50:35.645 [main] WARN com.gmail.ramawthar.priyash.hybridstrength.authservice.registration.application.RegisterUserService -- Registration rejected — duplicate email: A@0.aa
21:50:35.646 [main] WARN com.gmail.ramawthar.priyash.hybridstrength.authservice.registration.application.RegisterUserService -- Registration rejected — duplicate email: FVJ}@hqy5ONXoLlJriX9FwYwtrLbq2Xdg6qmLLQyLGNa5fI.fq3.0v22Dl4.VvHVtFm-cA.V-8Ae0BAcx.xB0BxfT.ykWNzPUJUt.Zb.uZEAlr
21:50:35.647 [main] WARN com.gmail.ramawthar.priyash.hybridstrength.authservice.registration.application.RegisterUserService -- Registration rejected — duplicate email: BIL@cGB.drgQ4RATYo.jyI.ieEx7L2QChZGNYhS9MJeJxCB-hbqwdqYWLwOmfsPaCopdpKy8mWvHRbdf365eH4.OWVrN.s71NaakEue.BXuwNwO.SMh
21:50:35.647 [main] WARN com.gmail.ramawthar.priyash.hybridstrength.authservice.registration.application.RegisterUserService -- Registration rejected — duplicate email: q`G@DwF4Q.je
21:50:35.648 [main] WARN com.gmail.ramawthar.priyash.hybridstrength.authservice.registration.application.RegisterUserService -- Registration rejected — duplicate email: |4wp~I!@SJy.GkbedrBr.ht0iVanCALR.V.08qfoRP212XBAa758cdkG67XbyZsQ81r22kZhyiTUdj-7PdO.t.o42qELn.0.GpG4RXZF
21:50:35.649 [main] WARN com.gmail.ramawthar.priyash.hybridstrength.authservice.registration.application.RegisterUserService -- Registration rejected — duplicate email: T2?rY-W0@rknexVhcjR49oFriloE7A2YnBHLL7xTxO1UjlNg3i6IWnpD-fZmp2OCnc2A8Q.Bq8n.eaAmp9C6.Z3V
21:50:35.650 [main] WARN com.gmail.ramawthar.priyash.hybridstrength.authservice.registration.application.RegisterUserService -- Registration rejected — duplicate email: 3g7^Sr9ooVkoQkkkkilk{zD~n{}$#O{x=32?fB*LIMM$I-T1|k!vJ%j+E6vxFBQq@vapWC4X1hGT.v0c.eVWdnVc3
21:50:35.650 [main] WARN com.gmail.ramawthar.priyash.hybridstrength.authservice.registration.application.RegisterUserService -- Registration rejected — duplicate email: Xs2@MVKj5x67E.0.ydjBG1n0
21:50:35.652 [main] WARN com.gmail.ramawthar.priyash.hybridstrength.authservice.registration.application.RegisterUserService -- Registration rejected — duplicate email: A1Ug@Q4Xs7cs2B.uzj-gq-ed7waJlupuIjMKxKcxg5a2u.P5wXJ7Bmxt3TWMp7NMAMQqiFcLTD5wMhVahpfgNVqybcE1T.lwmXkSe0BHsmnOWz5MQppNmbm7yeJXkqkC.KHntHyiDVz96ClJPtnzJ8tmlMjlEKgely.StqChF.a.VzK4hLTX6.m8.ajvh
21:50:35.652 [main] WARN com.gmail.ramawthar.priyash.hybridstrength.authservice.registration.application.RegisterUserService -- Registration rejected — duplicate email: Dntm@0.ZZnnI.bB3zk7Lf.eIWshZ.dY6QF7HeCa.HhgCyYwZkl
21:50:35.653 [main] WARN com.gmail.ramawthar.priyash.hybridstrength.authservice.registration.application.RegisterUserService -- Registration rejected — duplicate email: *'0W*fWkc1!17?'jOz?}2g1~KCOyj&/hl|R|wgjjBJG2t3queX0d'Va?%f!*WzP$@SIGSSdd.Vlb.X5cpL93wBurLrsJvf-u23aovUS1TrZ.dkM.dqE4hjTZT
21:50:35.654 [main] WARN com.gmail.ramawthar.priyash.hybridstrength.authservice.registration.application.RegisterUserService -- Registration rejected — duplicate email: pQnKVX@FAFrn.I.Tn1hI.t.K.X8AkjM5.YbDH9Ol
21:50:35.656 [main] WARN com.gmail.ramawthar.priyash.hybridstrength.authservice.registration.application.RegisterUserService -- Registration rejected — duplicate email: d-9JbfH9'@Hsx.vRZM.pl5-Zqa95.OZDlp.yc-SToPVgt.LCxm6dy
21:50:35.657 [main] WARN com.gmail.ramawthar.priyash.hybridstrength.authservice.registration.application.RegisterUserService -- Registration rejected — duplicate email: ^cB*@JIYyrR9U8di4ZD9dEZ9sUx1hpaLLRUAHu6FUsW2mtnag3C-Z6zk4ZxxWCtt59V.GyKkDzo824r.YkULw5.JSczPLEH.tOQW7QK3rf.i08D
21:50:35.657 [main] WARN com.gmail.ramawthar.priyash.hybridstrength.authservice.registration.application.RegisterUserService -- Registration rejected — duplicate email: w0p~a@MS5e9wgp4O.lg
21:50:35.658 [main] WARN com.gmail.ramawthar.priyash.hybridstrength.authservice.registration.application.RegisterUserService -- Registration rejected — duplicate email: jH{l|5?rzEA@9.d0VAk.F7qzml4
21:50:35.658 [main] WARN com.gmail.ramawthar.priyash.hybridstrength.authservice.registration.application.RegisterUserService -- Registration rejected — duplicate email: _O~GA{/FN0@I9n3cT1LM5.q4aNa-PHpd0.0.a.8hWqnfbguS0eBxf9xMSCjWc9okPjIn5q5RnU-AigGPa-D1rqjIuAFUjIv1nLp1T.FPglGtndsWAky0zW4hEgZ5ZOusBtaBTKTyXs3gFYV.G.IfgS-MvO.WB32
21:50:35.659 [main] WARN com.gmail.ramawthar.priyash.hybridstrength.authservice.registration.application.RegisterUserService -- Registration rejected — duplicate email: }&+es7=t{?H@02.uFAtu.kahHa.VmSQ.49F4qvUYRT04EdBwwZdL2rCBiIWqhaXWWhlZBxkoTEHd3kQw.s.BMVx9T.MPxFxfF-EL.orEDgQMXGgdbNaci3.O.kiORr
21:50:35.660 [main] WARN com.gmail.ramawthar.priyash.hybridstrength.authservice.registration.application.RegisterUserService -- Registration rejected — duplicate email: 0@a.aa
21:50:35.660 [main] WARN com.gmail.ramawthar.priyash.hybridstrength.authservice.registration.application.RegisterUserService -- Registration rejected — duplicate email: 9?'?X@xmHbH9m.e5vK0j0
21:50:35.661 [main] WARN com.gmail.ramawthar.priyash.hybridstrength.authservice.registration.application.RegisterUserService -- Registration rejected — duplicate email: 3I8B0M2@HzUgzr.oPqzF4BzIIzasdkRxQPlOV0zVYYolOKotQYHDflY2hSZUq8YoI0H74cy8AuJPUa.bM8zGDf0P5.G1AbIOA.Zv7IDPxHl.myZJrNJp.CM1r0Y4FO
21:50:35.662 [main] WARN com.gmail.ramawthar.priyash.hybridstrength.authservice.registration.application.RegisterUserService -- Registration rejected — duplicate email: H%|e?F@9nPye.0O96yah73DgCKdCT1W11VhHJrWCFhoNSsjraRMGY7cmH9TSChBDIXFfXb.e8z4X
21:50:35.663 [main] WARN com.gmail.ramawthar.priyash.hybridstrength.authservice.registration.application.RegisterUserService -- Registration rejected — duplicate email: HAy/v't@UN5m4cHOGDWOn8TJpQf1f96rke421J1w5FIC5VK-OU.9fB.Sg6WV
21:50:35.663 [main] WARN com.gmail.ramawthar.priyash.hybridstrength.authservice.registration.application.RegisterUserService -- Registration rejected — duplicate email: 0ytDx1IOqHo@i3MCsgG.5PoQoRstiS.4.Z.f022Cgi
21:50:35.663 [main] WARN com.gmail.ramawthar.priyash.hybridstrength.authservice.registration.application.RegisterUserService -- Registration rejected — duplicate email: A@a.aa
timestamp = 2026-05-11T21:50:35.664639, RegistrationPropertyTest:register DuplicateEmail ThrowsDuplicateEmailExceptionAndRepositoryUnchanged = 
                              |-----------------------jqwik-----------------------
tries = 100                   | # of calls to property
checks = 100                  | # of not rejected calls
generation = RANDOMIZED       | parameters are randomly generated
after-failure = SAMPLE_FIRST  | try previously failed sample, then previous seed
when-fixed-seed = ALLOW       | fixing the random seed is allowed
edge-cases#mode = MIXIN       | edge cases are mixed in
edge-cases#total = 12         | # of all combined edge cases
edge-cases#tried = 12         | # of edge cases tried in current run
seed = 4910934502196091662    | random seed to reproduce generated values


]]></system-out>
  </testcase>
</testsuite>